# JRE version: Java(TM) SE Runtime Environment (8.0_181-b13) (build 1.8.0_181-b13)
# Java VM: Java HotSpot(TM) 64-Bit Server VM (25.181-b13 mixed mode windows-amd64 compressed oops)
Heap:
 PSYoungGen      total 223744K, used 55271K [0x00000000da180000, 0x00000000eb500000, 0x0000000100000000)
  eden space 214016K, 21% used [0x00000000da180000,0x00000000dcdfb540,0x00000000e7280000)
  from space 9728K, 99% used [0x00000000eab80000,0x00000000eb4feab0,0x00000000eb500000)
  to   space 11264K, 0% used [0x00000000e9f00000,0x00000000e9f00000,0x00000000eaa00000)
 ParOldGen       total 61440K, used 13718K [0x000000008e400000, 0x0000000092000000, 0x00000000da180000)
  object space 61440K, 22% used [0x000000008e400000,0x000000008f165950,0x0000000092000000)
 Metaspace       used 28961K, capacity 29618K, committed 29952K, reserved 1075200K
  class space    used 3509K, capacity 3740K, committed 3840K, reserved 1048576K
GC Heap History (10 events):
Event: 2.245 GC heap before
{Heap before GC invocations=5 (full 0):
 PSYoungGen      total 70656K, used 70624K [0x00000000da180000, 0x00000000deb80000, 0x0000000100000000)
  eden space 65536K, 100% used [0x00000000da180000,0x00000000de180000,0x00000000de180000)
  from space 5120K, 99% used [0x00000000de680000,0x00000000deb78020,0x00000000deb80000)
  to   space 5120K, 0% used [0x00000000de180000,0x00000000de180000,0x00000000de680000)
 ParOldGen       total 86016K, used 5293K [0x000000008e400000, 0x0000000093800000, 0x00000000da180000)
  object space 86016K, 6% used [0x000000008e400000,0x000000008e92b628,0x0000000093800000)
 Metaspace       used 20387K, capacity 20692K, committed 20864K, reserved 1067008K
  class space    used 2270K, capacity 2382K, committed 2432K, reserved 1048576K
Event: 2.258 GC heap after
Heap after GC invocations=5 (full 0):
 PSYoungGen      total 70656K, used 5088K [0x00000000da180000, 0x00000000e3680000, 0x0000000100000000)
  eden space 65536K, 0% used [0x00000000da180000,0x00000000da180000,0x00000000de180000)
  from space 5120K, 99% used [0x00000000de180000,0x00000000de678020,0x00000000de680000)
  to   space 10752K, 0% used [0x00000000e2c00000,0x00000000e2c00000,0x00000000e3680000)
 ParOldGen       total 86016K, used 9116K [0x000000008e400000, 0x0000000093800000, 0x00000000da180000)
  object space 86016K, 10% used [0x000000008e400000,0x000000008ece7048,0x0000000093800000)
 Metaspace       used 20387K, capacity 20692K, committed 20864K, reserved 1067008K
  class space    used 2270K, capacity 2382K, committed 2432K, reserved 1048576K
}
Event: 2.323 GC heap before
{Heap before GC invocations=6 (full 0):
 PSYoungGen      total 70656K, used 70624K [0x00000000da180000, 0x00000000e3680000, 0x0000000100000000)
  eden space 65536K, 100% used [0x00000000da180000,0x00000000de180000,0x00000000de180000)
  from space 5120K, 99% used [0x00000000de180000,0x00000000de678020,0x00000000de680000)
  to   space 10752K, 0% used [0x00000000e2c00000,0x00000000e2c00000,0x00000000e3680000)
 ParOldGen       total 86016K, used 9116K [0x000000008e400000, 0x0000000093800000, 0x00000000da180000)
  object space 86016K, 10% used [0x000000008e400000,0x000000008ece7048,0x0000000093800000)
 Metaspace       used 20449K, capacity 20756K, committed 21120K, reserved 1069056K
  class space    used 2273K, capacity 2382K, committed 2432K, reserved 1048576K
Event: 2.336 GC heap after
Heap after GC invocations=6 (full 0):
 PSYoungGen      total 140800K, used 5526K [0x00000000da180000, 0x00000000e3580000, 0x0000000100000000)
  eden space 131072K, 0% used [0x00000000da180000,0x00000000da180000,0x00000000e2180000)
  from space 9728K, 56% used [0x00000000e2c00000,0x00000000e3165900,0x00000000e3580000)
  to   space 10240K, 0% used [0x00000000e2180000,0x00000000e2180000,0x00000000e2b80000)
 ParOldGen       total 86016K, used 9116K [0x000000008e400000, 0x0000000093800000, 0x00000000da180000)
  object space 86016K, 10% used [0x000000008e400000,0x000000008ece7048,0x0000000093800000)
 Metaspace       used 20449K, capacity 20756K, committed 21120K, reserved 1069056K
  class space    used 2273K, capacity 2382K, committed 2432K, reserved 1048576K
}
Event: 2.627 GC heap before
{Heap before GC invocations=7 (full 0):
 PSYoungGen      total 140800K, used 29112K [0x00000000da180000, 0x00000000e3580000, 0x0000000100000000)
  eden space 131072K, 17% used [0x00000000da180000,0x00000000db888870,0x00000000e2180000)
  from space 9728K, 56% used [0x00000000e2c00000,0x00000000e3165900,0x00000000e3580000)
  to   space 10240K, 0% used [0x00000000e2180000,0x00000000e2180000,0x00000000e2b80000)
 ParOldGen       total 86016K, used 9116K [0x000000008e400000, 0x0000000093800000, 0x00000000da180000)
  object space 86016K, 10% used [0x000000008e400000,0x000000008ece7048,0x0000000093800000)
 Metaspace       used 20861K, capacity 21138K, committed 21296K, reserved 1069056K
  class space    used 2321K, capacity 2424K, committed 2432K, reserved 1048576K
Event: 2.646 GC heap after
Heap after GC invocations=7 (full 0):
 PSYoungGen      total 141312K, used 7185K [0x00000000da180000, 0x00000000eb580000, 0x0000000100000000)
  eden space 131072K, 0% used [0x00000000da180000,0x00000000da180000,0x00000000e2180000)
  from space 10240K, 70% used [0x00000000e2180000,0x00000000e2884428,0x00000000e2b80000)
  to   space 10240K, 0% used [0x00000000eab80000,0x00000000eab80000,0x00000000eb580000)
 ParOldGen       total 86016K, used 11210K [0x000000008e400000, 0x0000000093800000, 0x00000000da180000)
  object space 86016K, 13% used [0x000000008e400000,0x000000008eef2838,0x0000000093800000)
 Metaspace       used 20861K, capacity 21138K, committed 21296K, reserved 1069056K
  class space    used 2321K, capacity 2424K, committed 2432K, reserved 1048576K
}
Event: 2.646 GC heap before
{Heap before GC invocations=8 (full 1):
 PSYoungGen      total 141312K, used 7185K [0x00000000da180000, 0x00000000eb580000, 0x0000000100000000)
  eden space 131072K, 0% used [0x00000000da180000,0x00000000da180000,0x00000000e2180000)
  from space 10240K, 70% used [0x00000000e2180000,0x00000000e2884428,0x00000000e2b80000)
  to   space 10240K, 0% used [0x00000000eab80000,0x00000000eab80000,0x00000000eb580000)
 ParOldGen       total 86016K, used 11210K [0x000000008e400000, 0x0000000093800000, 0x00000000da180000)
  object space 86016K, 13% used [0x000000008e400000,0x000000008eef2838,0x0000000093800000)
 Metaspace       used 20861K, capacity 21138K, committed 21296K, reserved 1069056K
  class space    used 2321K, capacity 2424K, committed 2432K, reserved 1048576K
Event: 2.711 GC heap after
Heap after GC invocations=8 (full 1):
 PSYoungGen      total 141312K, used 0K [0x00000000da180000, 0x00000000eb580000, 0x0000000100000000)
  eden space 131072K, 0% used [0x00000000da180000,0x00000000da180000,0x00000000e2180000)
  from space 10240K, 0% used [0x00000000e2180000,0x00000000e2180000,0x00000000e2b80000)
  to   space 10240K, 0% used [0x00000000eab80000,0x00000000eab80000,0x00000000eb580000)
 ParOldGen       total 61440K, used 13710K [0x000000008e400000, 0x0000000092000000, 0x00000000da180000)
  object space 61440K, 22% used [0x000000008e400000,0x000000008f163950,0x0000000092000000)
 Metaspace       used 20861K, capacity 21138K, committed 21296K, reserved 1069056K
  class space    used 2321K, capacity 2424K, committed 2432K, reserved 1048576K
}
Event: 14.935 GC heap before
{Heap before GC invocations=9 (full 1):
 PSYoungGen      total 141312K, used 131072K [0x00000000da180000, 0x00000000eb580000, 0x0000000100000000)
  eden space 131072K, 100% used [0x00000000da180000,0x00000000e2180000,0x00000000e2180000)
  from space 10240K, 0% used [0x00000000e2180000,0x00000000e2180000,0x00000000e2b80000)
  to   space 10240K, 0% used [0x00000000eab80000,0x00000000eab80000,0x00000000eb580000)
 ParOldGen       total 61440K, used 13710K [0x000000008e400000, 0x0000000092000000, 0x00000000da180000)
  object space 61440K, 22% used [0x000000008e400000,0x000000008f163950,0x0000000092000000)
 Metaspace       used 28714K, capacity 29332K, committed 29568K, reserved 1075200K
  class space    used 3495K, capacity 3693K, committed 3712K, reserved 1048576K
Event: 14.950 GC heap after
Heap after GC invocations=9 (full 1):
 PSYoungGen      total 223744K, used 9722K [0x00000000da180000, 0x00000000eb500000, 0x0000000100000000)
  eden space 214016K, 0% used [0x00000000da180000,0x00000000da180000,0x00000000e7280000)
  from space 9728K, 99% used [0x00000000eab80000,0x00000000eb4feab0,0x00000000eb500000)
  to   space 11264K, 0% used [0x00000000e9f00000,0x00000000e9f00000,0x00000000eaa00000)
 ParOldGen       total 61440K, used 13718K [0x000000008e400000, 0x0000000092000000, 0x00000000da180000)
  object space 61440K, 22% used [0x000000008e400000,0x000000008f165950,0x0000000092000000)
 Metaspace       used 28714K, capacity 29332K, committed 29568K, reserved 1075200K
  class space    used 3495K, capacity 3693K, committed 3712K, reserved 1048576K
}

